<?xml version="1.0" encoding="UTF-8"?>
<testng-results ignored="0" total="7" passed="7" failed="0" skipped="0">
  <reporter-output>
  </reporter-output>
  <suite started-at="2023-01-10T07:42:04 IST" name="Default suite" finished-at="2023-01-10T07:42:44 IST" duration-ms="39599">
    <groups>
    </groups>
    <test started-at="2023-01-10T07:42:04 IST" name="Default test" finished-at="2023-01-10T07:42:44 IST" duration-ms="39599">
      <class name="com.jala.selenium.magnus.operations.RadioCheckBoxTest">
        <test-method signature="testlaunchBrowser()[pri:0, instance:com.jala.selenium.magnus.operations.RadioCheckBoxTest@3a93b025]" started-at="2023-01-10T07:42:04 IST" name="testlaunchBrowser" finished-at="2023-01-10T07:42:15 IST" duration-ms="10504" status="PASS">
          <reporter-output>
          </reporter-output>
        </test-method> <!-- testlaunchBrowser -->
        <test-method signature="testloginMagnus()[pri:1, instance:com.jala.selenium.magnus.operations.RadioCheckBoxTest@3a93b025]" started-at="2023-01-10T07:42:15 IST" name="testloginMagnus" finished-at="2023-01-10T07:42:18 IST" duration-ms="3472" status="PASS">
          <reporter-output>
          </reporter-output>
        </test-method> <!-- testloginMagnus -->
        <test-method signature="testcreateEmployee()[pri:2, instance:com.jala.selenium.magnus.operations.RadioCheckBoxTest@3a93b025]" started-at="2023-01-10T07:42:18 IST" name="testcreateEmployee" finished-at="2023-01-10T07:42:38 IST" duration-ms="19457" status="PASS">
          <reporter-output>
          </reporter-output>
        </test-method> <!-- testcreateEmployee -->
        <test-method signature="testradioButton()[pri:3, instance:com.jala.selenium.magnus.operations.RadioCheckBoxTest@3a93b025]" started-at="2023-01-10T07:42:38 IST" name="testradioButton" finished-at="2023-01-10T07:42:42 IST" duration-ms="4426" status="PASS">
          <reporter-output>
          </reporter-output>
        </test-method> <!-- testradioButton -->
        <test-method signature="testdropdown()[pri:4, instance:com.jala.selenium.magnus.operations.RadioCheckBoxTest@3a93b025]" started-at="2023-01-10T07:42:42 IST" name="testdropdown" finished-at="2023-01-10T07:42:42 IST" duration-ms="325" status="PASS">
          <reporter-output>
          </reporter-output>
        </test-method> <!-- testdropdown -->
        <test-method signature="testdropdownselected()[pri:5, instance:com.jala.selenium.magnus.operations.RadioCheckBoxTest@3a93b025]" started-at="2023-01-10T07:42:42 IST" name="testdropdownselected" finished-at="2023-01-10T07:42:43 IST" duration-ms="223" status="PASS">
          <reporter-output>
          </reporter-output>
        </test-method> <!-- testdropdownselected -->
        <test-method signature="testcloseBrowser()[pri:6, instance:com.jala.selenium.magnus.operations.RadioCheckBoxTest@3a93b025]" started-at="2023-01-10T07:42:43 IST" name="testcloseBrowser" finished-at="2023-01-10T07:42:44 IST" duration-ms="1098" status="PASS">
          <reporter-output>
          </reporter-output>
        </test-method> <!-- testcloseBrowser -->
      </class> <!-- com.jala.selenium.magnus.operations.RadioCheckBoxTest -->
    </test> <!-- Default test -->
  </suite> <!-- Default suite -->
</testng-results>
