<?xml version="1.0" encoding="UTF-8"?>
<!-- Generated by org.testng.reporters.JUnitXMLReporter -->
<testsuite ignored="0" hostname="JB" failures="0" tests="7" name="Default test" time="39.599" errors="0" timestamp="2023-01-10T07:42:44 IST">
  <testcase classname="com.jala.selenium.magnus.operations.RadioCheckBoxTest" name="testlaunchBrowser" time="10.504"/>
  <testcase classname="com.jala.selenium.magnus.operations.RadioCheckBoxTest" name="testloginMagnus" time="3.472"/>
  <testcase classname="com.jala.selenium.magnus.operations.RadioCheckBoxTest" name="testcreateEmployee" time="19.457"/>
  <testcase classname="com.jala.selenium.magnus.operations.RadioCheckBoxTest" name="testradioButton" time="4.426"/>
  <testcase classname="com.jala.selenium.magnus.operations.RadioCheckBoxTest" name="testdropdown" time="0.325"/>
  <testcase classname="com.jala.selenium.magnus.operations.RadioCheckBoxTest" name="testdropdownselected" time="0.223"/>
  <testcase classname="com.jala.selenium.magnus.operations.RadioCheckBoxTest" name="testcloseBrowser" time="1.098"/>
</testsuite> <!-- Default test -->
